[2024-06-09T11:52:35.940095-05:00] Bundle.WARNING: Cannot assign string to property Arch\Core\Router\Http\Request::$length of type int [] {"uid":"4c01560"}
[2024-06-09T11:52:36.271618-05:00] Bundle.WARNING: Cannot assign string to property Arch\Core\Router\Http\Request::$length of type int [] {"uid":"2e8e14c"}
[2024-06-09T11:52:36.369512-05:00] Bundle.WARNING: Cannot assign string to property Arch\Core\Router\Http\Request::$length of type int [] {"uid":"00b918c"}
[2024-06-09T11:54:07.619850-05:00] Bundle.WARNING: Cannot assign string to property Arch\Core\Router\Http\Request::$length of type int [] {"uid":"3e93ec4"}
[2024-06-09T11:54:07.671867-05:00] Bundle.WARNING: Cannot assign string to property Arch\Core\Router\Http\Request::$length of type int [] {"uid":"456d15b"}
[2024-06-09T11:54:08.499463-05:00] Bundle.WARNING: Cannot assign string to property Arch\Core\Router\Http\Request::$length of type int [] {"uid":"6d8201c"}
[2024-06-09T11:54:08.556965-05:00] Bundle.WARNING: Cannot assign string to property Arch\Core\Router\Http\Request::$length of type int [] {"uid":"0615976"}
[2024-06-09T11:54:08.712489-05:00] Bundle.WARNING: Cannot assign string to property Arch\Core\Router\Http\Request::$length of type int [] {"uid":"1c57a99"}
[2024-06-09T11:54:08.769694-05:00] Bundle.WARNING: Cannot assign string to property Arch\Core\Router\Http\Request::$length of type int [] {"uid":"62052af"}
[2024-06-09T11:54:08.883720-05:00] Bundle.WARNING: Cannot assign string to property Arch\Core\Router\Http\Request::$length of type int [] {"uid":"7c92188"}
[2024-06-09T11:54:08.941561-05:00] Bundle.WARNING: Cannot assign string to property Arch\Core\Router\Http\Request::$length of type int [] {"uid":"1f3e1ae"}
[2024-06-09T11:54:47.652469-05:00] Bundle.WARNING: Namespace no encontrado: Arch\App\Modules\Dev\Dev [] {"uid":"075396a"}
[2024-06-09T11:54:47.695060-05:00] Bundle.WARNING: Namespace no encontrado: Arch\App\Modules\Favicon.ico\Favicon.ico [] {"uid":"647dc5c"}
[2024-06-09T11:54:48.171190-05:00] Bundle.WARNING: Namespace no encontrado: Arch\App\Modules\Dev\Dev [] {"uid":"9232f65"}
[2024-06-09T11:54:48.210378-05:00] Bundle.WARNING: Namespace no encontrado: Arch\App\Modules\Favicon.ico\Favicon.ico [] {"uid":"4acab02"}
[2024-06-09T11:54:48.345471-05:00] Bundle.WARNING: Namespace no encontrado: Arch\App\Modules\Dev\Dev [] {"uid":"518e17e"}
[2024-06-09T11:54:48.377909-05:00] Bundle.WARNING: Namespace no encontrado: Arch\App\Modules\Favicon.ico\Favicon.ico [] {"uid":"734afff"}
[2024-06-09T11:55:10.267021-05:00] Bundle.WARNING: Namespace no encontrado: Arch\App\Modules\Main\Main [] {"uid":"879c005"}
[2024-06-09T11:55:10.313004-05:00] Bundle.WARNING: Namespace no encontrado: Arch\App\Modules\Favicon.ico\Favicon.ico [] {"uid":"e058254"}
[2024-06-09T11:55:33.818275-05:00] Bundle.WARNING: Namespace no encontrado: Arch\App\Modules\Main\MainController [] {"uid":"3b2892c"}
[2024-06-09T11:55:33.886603-05:00] Bundle.WARNING: Namespace no encontrado: Arch\App\Modules\Favicon.ico\Favicon.icoController [] {"uid":"fb66d24"}
[2024-06-09T11:55:34.299406-05:00] Bundle.WARNING: Namespace no encontrado: Arch\App\Modules\Main\MainController [] {"uid":"8dc7d59"}
[2024-06-09T11:55:34.355652-05:00] Bundle.WARNING: Namespace no encontrado: Arch\App\Modules\Favicon.ico\Favicon.icoController [] {"uid":"801c37b"}
[2024-06-09T11:55:34.480389-05:00] Bundle.WARNING: Namespace no encontrado: Arch\App\Modules\Main\MainController [] {"uid":"3c402c3"}
[2024-06-09T11:55:34.515546-05:00] Bundle.WARNING: Namespace no encontrado: Arch\App\Modules\Favicon.ico\Favicon.icoController [] {"uid":"370842f"}
[2024-06-09T11:56:23.965137-05:00] Bundle.WARNING: Namespace no encontrado: Arch\App\Modules\Main\HomeController [] {"uid":"dedb437"}
[2024-06-09T11:56:24.030842-05:00] Bundle.WARNING: Namespace no encontrado: Arch\App\Modules\Favicon.ico\HomeController [] {"uid":"e2f20ab"}
[2024-06-09T11:56:24.749698-05:00] Bundle.WARNING: Namespace no encontrado: Arch\App\Modules\Main\HomeController [] {"uid":"e5fcdc2"}
[2024-06-09T11:56:24.799130-05:00] Bundle.WARNING: Namespace no encontrado: Arch\App\Modules\Favicon.ico\HomeController [] {"uid":"c2a323b"}
[2024-06-09T11:56:24.970459-05:00] Bundle.WARNING: Namespace no encontrado: Arch\App\Modules\Main\HomeController [] {"uid":"8a74061"}
[2024-06-09T11:56:25.023499-05:00] Bundle.WARNING: Namespace no encontrado: Arch\App\Modules\Favicon.ico\HomeController [] {"uid":"d53fff1"}
[2024-06-09T11:56:25.159848-05:00] Bundle.WARNING: Namespace no encontrado: Arch\App\Modules\Main\HomeController [] {"uid":"8f51443"}
[2024-06-09T11:56:25.192784-05:00] Bundle.WARNING: Namespace no encontrado: Arch\App\Modules\Favicon.ico\HomeController [] {"uid":"6538b76"}
[2024-06-09T11:56:25.347723-05:00] Bundle.WARNING: Namespace no encontrado: Arch\App\Modules\Main\HomeController [] {"uid":"d635911"}
[2024-06-09T11:56:25.404881-05:00] Bundle.WARNING: Namespace no encontrado: Arch\App\Modules\Favicon.ico\HomeController [] {"uid":"42a1f13"}
[2024-06-09T11:56:56.824638-05:00] Bundle.WARNING: Too few arguments to function Arch\App\Modules\Main\HomeController::index(), 1 passed and exactly 2 expected [] {"uid":"0a14fcd"}
[2024-06-09T11:56:56.880662-05:00] Bundle.WARNING: Namespace no encontrado: Arch\App\Modules\Favicon.ico\HomeController [] {"uid":"6071738"}
[2024-06-09T11:59:31.563186-05:00] Bundle.WARNING: Namespace no encontrado: Arch\App\Modules\Favicon.ico\HomeController [] {"uid":"d879cda"}
[2024-06-09T12:03:10.620082-05:00] Bundle.WARNING: Namespace no encontrado: Arch\App\Modules\Favicon.ico\HomeController [] {"uid":"f9ccd2f"}
[2024-06-09T12:03:11.097359-05:00] Bundle.WARNING: Namespace no encontrado: Arch\App\Modules\Favicon.ico\HomeController [] {"uid":"b0f5696"}
[2024-06-09T12:03:11.360027-05:00] Bundle.WARNING: Namespace no encontrado: Arch\App\Modules\Favicon.ico\HomeController [] {"uid":"ef05e6d"}
[2024-06-09T12:03:45.317755-05:00] Bundle.WARNING: Call to undefined method Arch\Core\Router\Http\Request::params() [] {"uid":"f62657a"}
[2024-06-09T12:03:45.364479-05:00] Bundle.WARNING: Namespace no encontrado: Arch\App\Modules\Favicon.ico\HomeController [] {"uid":"2eb4f73"}
[2024-06-09T12:05:27.056426-05:00] Bundle.WARNING: Namespace no encontrado: Arch\App\Modules\Favicon.ico\HomeController [] {"uid":"2c658db"}
[2024-06-09T12:05:27.648348-05:00] Bundle.WARNING: Namespace no encontrado: Arch\App\Modules\Favicon.ico\HomeController [] {"uid":"c1a5f80"}
[2024-06-09T12:05:41.001567-05:00] Bundle.WARNING: Namespace no encontrado: Arch\App\Modules\Favicon.ico\HomeController [] {"uid":"5aa08c3"}
[2024-06-09T12:05:51.260093-05:00] Bundle.WARNING: Namespace no encontrado: Arch\App\Modules\Favicon.ico\HomeController [] {"uid":"07e40da"}
[2024-06-09T12:06:07.708678-05:00] Bundle.WARNING: Namespace no encontrado: Arch\App\Modules\Favicon.ico\HomeController [] {"uid":"a630cf5"}
[2024-06-09T12:06:08.470061-05:00] Bundle.WARNING: Namespace no encontrado: Arch\App\Modules\Favicon.ico\HomeController [] {"uid":"d0513ae"}
[2024-06-09T12:06:08.723583-05:00] Bundle.WARNING: Namespace no encontrado: Arch\App\Modules\Favicon.ico\HomeController [] {"uid":"b883a58"}
[2024-06-09T12:06:08.891648-05:00] Bundle.WARNING: Namespace no encontrado: Arch\App\Modules\Favicon.ico\HomeController [] {"uid":"ece4287"}
[2024-06-09T12:10:55.878321-05:00] Bundle.WARNING: Namespace no encontrado: Arch\App\Modules\Favicon.ico\HomeController [] {"uid":"33c3275"}
[2024-06-09T12:11:38.465368-05:00] Bundle.WARNING: Namespace no encontrado: Arch\App\Modules\Favicon.ico\HomeController [] {"uid":"e093e7d"}
[2024-06-09T12:11:38.948178-05:00] Bundle.WARNING: Namespace no encontrado: Arch\App\Modules\Favicon.ico\HomeController [] {"uid":"aa14010"}
[2024-06-09T12:11:39.115645-05:00] Bundle.WARNING: Namespace no encontrado: Arch\App\Modules\Favicon.ico\HomeController [] {"uid":"61537f2"}
[2024-06-09T12:12:31.166820-05:00] Bundle.WARNING: Namespace no encontrado: Arch\App\Modules\Favicon.ico\HomeController [] {"uid":"f32eeef"}
[2024-06-09T12:12:31.624726-05:00] Bundle.WARNING: Namespace no encontrado: Arch\App\Modules\Favicon.ico\HomeController [] {"uid":"739a6cc"}
[2024-06-09T12:12:31.842331-05:00] Bundle.WARNING: Namespace no encontrado: Arch\App\Modules\Favicon.ico\HomeController [] {"uid":"f097e6d"}
[2024-06-09T12:12:32.007289-05:00] Bundle.WARNING: Namespace no encontrado: Arch\App\Modules\Favicon.ico\HomeController [] {"uid":"c2c459b"}
[2024-06-09T12:12:52.358502-05:00] Bundle.WARNING: Namespace no encontrado: Arch\App\Modules\Favicon.ico\HomeController [] {"uid":"d4965d5"}
[2024-06-09T12:12:52.905870-05:00] Bundle.WARNING: Namespace no encontrado: Arch\App\Modules\Favicon.ico\HomeController [] {"uid":"ececf63"}
[2024-06-09T12:12:53.110875-05:00] Bundle.WARNING: Namespace no encontrado: Arch\App\Modules\Favicon.ico\HomeController [] {"uid":"de83f4c"}
[2024-06-09T12:13:07.353062-05:00] Bundle.WARNING: Namespace no encontrado: Arch\App\Modules\Favicon.ico\HomeController [] {"uid":"3fe0294"}
[2024-06-09T12:13:07.829663-05:00] Bundle.WARNING: Namespace no encontrado: Arch\App\Modules\Favicon.ico\HomeController [] {"uid":"4afd79b"}
[2024-06-09T12:13:08.064631-05:00] Bundle.WARNING: Namespace no encontrado: Arch\App\Modules\Favicon.ico\HomeController [] {"uid":"89c61dc"}
[2024-06-09T12:13:08.222506-05:00] Bundle.WARNING: Namespace no encontrado: Arch\App\Modules\Favicon.ico\HomeController [] {"uid":"0f1a0f7"}
[2024-06-09T12:13:38.176798-05:00] Bundle.WARNING: Namespace no encontrado: Arch\App\Modules\Favicon.ico\HomeController [] {"uid":"3d2248b"}
[2024-06-09T12:13:38.594667-05:00] Bundle.WARNING: Namespace no encontrado: Arch\App\Modules\Favicon.ico\HomeController [] {"uid":"8b5d0f1"}
[2024-06-09T12:13:38.808272-05:00] Bundle.WARNING: Namespace no encontrado: Arch\App\Modules\Favicon.ico\HomeController [] {"uid":"e0a3cb3"}
[2024-06-09T12:15:15.187108-05:00] Bundle.WARNING: Namespace no encontrado: Arch\App\Modules\Favicon.ico\HomeController [] {"uid":"0941914"}
[2024-06-09T12:15:15.567386-05:00] Bundle.WARNING: Namespace no encontrado: Arch\App\Modules\Favicon.ico\HomeController [] {"uid":"04c30a5"}
[2024-06-09T12:15:15.756631-05:00] Bundle.WARNING: Namespace no encontrado: Arch\App\Modules\Favicon.ico\HomeController [] {"uid":"2dfba7d"}
[2024-06-09T12:15:15.930656-05:00] Bundle.WARNING: Namespace no encontrado: Arch\App\Modules\Favicon.ico\HomeController [] {"uid":"054ca60"}
[2024-06-09T12:15:21.345727-05:00] Bundle.WARNING: Namespace no encontrado: Arch\App\Modules\Favicon.ico\HomeController [] {"uid":"73257dc"}
[2024-06-09T12:15:21.825508-05:00] Bundle.WARNING: Namespace no encontrado: Arch\App\Modules\Favicon.ico\HomeController [] {"uid":"ccd04d6"}
[2024-06-09T12:15:22.040374-05:00] Bundle.WARNING: Namespace no encontrado: Arch\App\Modules\Favicon.ico\HomeController [] {"uid":"3fb0251"}
[2024-06-09T12:15:22.195239-05:00] Bundle.WARNING: Namespace no encontrado: Arch\App\Modules\Favicon.ico\HomeController [] {"uid":"5cc3323"}
[2024-06-09T12:15:39.026231-05:00] Bundle.WARNING: Namespace no encontrado: Arch\App\Modules\Favicon.ico\HomeController [] {"uid":"13fc867"}
[2024-06-09T12:15:39.710666-05:00] Bundle.WARNING: Namespace no encontrado: Arch\App\Modules\Favicon.ico\HomeController [] {"uid":"70b9bdd"}
[2024-06-09T12:15:39.951715-05:00] Bundle.WARNING: Namespace no encontrado: Arch\App\Modules\Favicon.ico\HomeController [] {"uid":"f57cfdc"}
[2024-06-09T12:15:40.125310-05:00] Bundle.WARNING: Namespace no encontrado: Arch\App\Modules\Favicon.ico\HomeController [] {"uid":"a0905a6"}
[2024-06-09T12:15:57.423364-05:00] Bundle.WARNING: Namespace no encontrado: Arch\App\Modules\Favicon.ico\HomeController [] {"uid":"831a9c2"}
[2024-06-09T12:15:57.712056-05:00] Bundle.WARNING: Namespace no encontrado: Arch\App\Modules\Favicon.ico\HomeController [] {"uid":"b55e488"}
[2024-06-09T12:15:57.956559-05:00] Bundle.WARNING: Namespace no encontrado: Arch\App\Modules\Favicon.ico\HomeController [] {"uid":"a73bc45"}
[2024-06-09T12:17:05.159237-05:00] Bundle.WARNING: Namespace no encontrado: Arch\App\Modules\Favicon.ico\HomeController [] {"uid":"0c87686"}
[2024-06-09T12:17:05.679489-05:00] Bundle.WARNING: Namespace no encontrado: Arch\App\Modules\Favicon.ico\HomeController [] {"uid":"370a523"}
[2024-06-09T12:17:05.918586-05:00] Bundle.WARNING: Namespace no encontrado: Arch\App\Modules\Favicon.ico\HomeController [] {"uid":"8ff574e"}
[2024-06-09T12:17:06.128840-05:00] Bundle.WARNING: Namespace no encontrado: Arch\App\Modules\Favicon.ico\HomeController [] {"uid":"359b052"}
[2024-06-09T12:17:06.322230-05:00] Bundle.WARNING: Namespace no encontrado: Arch\App\Modules\Favicon.ico\HomeController [] {"uid":"7fae5e1"}
[2024-06-09T12:17:47.902338-05:00] Bundle.WARNING: count(): Argument #1 ($value) must be of type Countable|array, string given [] {"uid":"58d9b15"}
[2024-06-09T12:17:47.968504-05:00] Bundle.WARNING: Namespace no encontrado: Arch\App\Modules\Favicon.ico\HomeController [] {"uid":"037d37f"}
[2024-06-09T12:17:53.684229-05:00] Bundle.WARNING: count(): Argument #1 ($value) must be of type Countable|array, string given [] {"uid":"738c2f7"}
[2024-06-09T12:17:53.747453-05:00] Bundle.WARNING: Namespace no encontrado: Arch\App\Modules\Favicon.ico\HomeController [] {"uid":"6f452ea"}
[2024-06-09T12:18:09.356319-05:00] Bundle.WARNING: Namespace no encontrado: Arch\App\Modules\Favicon.ico\HomeController [] {"uid":"8702e94"}
[2024-06-09T12:18:09.822109-05:00] Bundle.WARNING: Namespace no encontrado: Arch\App\Modules\Favicon.ico\HomeController [] {"uid":"5e7211c"}
[2024-06-09T12:18:10.021519-05:00] Bundle.WARNING: Namespace no encontrado: Arch\App\Modules\Favicon.ico\HomeController [] {"uid":"cacea87"}
[2024-06-09T12:18:59.993498-05:00] Bundle.WARNING: Namespace no encontrado: Arch\App\Modules\Favicon.ico\HomeController [] {"uid":"9f95259"}
[2024-06-09T12:20:18.364921-05:00] Bundle.WARNING: Namespace no encontrado: Arch\App\Modules\Favicon.ico\HomeController [] {"uid":"bc08fb1"}
[2024-06-09T12:20:19.273658-05:00] Bundle.WARNING: Namespace no encontrado: Arch\App\Modules\Favicon.ico\HomeController [] {"uid":"db75293"}
[2024-06-09T12:20:19.469039-05:00] Bundle.WARNING: Namespace no encontrado: Arch\App\Modules\Favicon.ico\HomeController [] {"uid":"0520e7d"}
[2024-06-09T12:20:19.688038-05:00] Bundle.WARNING: Namespace no encontrado: Arch\App\Modules\Favicon.ico\HomeController [] {"uid":"a7011d7"}
[2024-06-09T12:20:24.999180-05:00] Bundle.WARNING: Namespace no encontrado: Arch\App\Modules\Favicon.ico\HomeController [] {"uid":"7fb5ce9"}
[2024-06-09T12:20:25.646867-05:00] Bundle.WARNING: Namespace no encontrado: Arch\App\Modules\Favicon.ico\HomeController [] {"uid":"0a946dc"}
[2024-06-09T12:20:30.082185-05:00] Bundle.WARNING: Namespace no encontrado: Arch\App\Modules\Favicon.ico\HomeController [] {"uid":"9291eea"}
[2024-06-09T12:21:43.772005-05:00] Bundle.WARNING: Namespace no encontrado: Arch\App\Modules\Favicon.ico\HomeController [] {"uid":"3e93fa0"}
